<?xml version="1.0" encoding="UTF-8"?>
<!-- Generated by org.testng.reporters.JUnitXMLReporter -->
<testsuite hostname="DESKTOP-AMOSNVQ" ignored="0" name="Test" tests="2" failures="1" timestamp="2021-05-04T18:07:36 EDT" time="351.775" errors="0">
  <testcase name="runScenario" time="0.267" classname="io.cucumber.testng.AbstractTestNGCucumberTests">
    <failure type="java.lang.NullPointerException">
      <![CDATA[java.lang.NullPointerException
at stepDefinitions.AppRegistrationPageSteps.i_navigate_to_register_page(AppRegistrationPageSteps.java:30)
at ✽.I navigate to Register page(file:///C:/Users/alokb/Documents/Java-Selenium/Eclipse-Workspace/Cucumber-TestNG-Project/src/test/resources/features/AppLoginPage.feature:5)
]]>
    </failure>
  </testcase> <!-- runScenario -->
  <testcase name="runScenario" time="280.571" classname="io.cucumber.testng.AbstractTestNGCucumberTests"/>
</testsuite> <!-- Test -->
