<?xml version="1.0" encoding="UTF-8"?>
<!-- Generated by org.testng.reporters.JUnitReportReporter -->
<testsuite skipped="0" hostname="DESKTOP-AMOSNVQ" name="runners.TestRunner" tests="2" failures="0" timestamp="2021-05-04T18:08:11 EDT" time="280.838" errors="1">
  <testcase name="runScenario" time="0.267" classname="runners.TestRunner">
    <error type="java.lang.NullPointerException">
      <![CDATA[java.lang.NullPointerException
at stepDefinitions.AppRegistrationPageSteps.i_navigate_to_register_page(AppRegistrationPageSteps.java:30)
at ✽.I navigate to Register page(file:///C:/Users/alokb/Documents/Java-Selenium/Eclipse-Workspace/Cucumber-TestNG-Project/src/test/resources/features/AppLoginPage.feature:5)
]]>
    </error>
  </testcase> <!-- runScenario -->
  <system-out/>
  <testcase name="runScenario" time="280.571" classname="runners.TestRunner"/>
  <system-out/>
</testsuite> <!-- runners.TestRunner -->
